app/proguard-rules.pro
# To enable ProGuard in your project, edit project.properties
# to define the proguard.config property as described in that file.
#
# Add project specific ProGuard rules here.
# By default, the flags in this file are appended to flags specified
# in ${sdk.dir}/tools/proguard/proguard-android.txt
# You can edit the include path and order by changing the ProGuard
# include property in project.properties.
#
# For more details, see
#   http://developer.android.com/guide/developing/tools/proguard.html

# Add any project specific keep options here:

# If your project uses WebView with JS, uncomment the following
# and specify the fully qualified class name to the JavaScript interface
# class:

#-----------------------------------------------------------------------------基本不用动的混淆规则START-------------------------------------------------------------------------------#

# 代码混淆压缩比，在0和7之间，默认为5，一般不需要改
-optimizationpasses 5

# 混淆时不使用大小写混合，混淆后的类名为小写
-dontusemixedcaseclassnames

# 指定不去忽略非公共的库的类
-dontskipnonpubliclibraryclasses

# 指定不去忽略非公共的库的类的成员
-dontskipnonpubliclibraryclassmembers

# 不做预校验，preverify是proguard的4个步骤之一
# Android不需要preverify，去掉这一步可加快混淆速度
-dontpreverify

# 指定混淆时采用的算法，后面的参数是一个过滤器
# 这个过滤器是谷歌推荐的算法，一般不改变
-optimizations !code/simplification/arithmetic,!field/*,!class/merging/*

# 保护代码中的Annotation不被混淆，这在JSON实体映射时非常重要，比如fastJson
-keepattributes *Annotation*

# 避免混淆泛型，这在JSON实体映射时非常重要，比如fastJson
-keepattributes Signature

#抛出异常时保留代码行号，在异常分析中可以方便定位
-keepattributes SourceFile,LineNumberTable

-dontskipnonpubliclibraryclasses #用于告诉ProGuard，不要跳过对非公开类的处理。默认情况下是跳过的，因为程序中不会引用它们，有些情况下人们编写的代码与类库中的类在同一个包下，并且对包中内容加以引用，此时需要加入此条声明。

-dontusemixedcaseclassnames#这个是给Microsoft Windows用户的，因为ProGuard假定使用的操作系统是能区分两个只是大小写不同的文件名，但是Microsoft Windows不是这样的操作系统，所以必须为ProGuard指定-dontusemixedcaseclassnames选项

#WebView 处理
-keepclassmembers class fqcn.of.javascript.interface.for.webview {public *;}

#忽略警告
-ignorewarnings

# 针对android-support-v4.jar的解决方案
-dontwarn android.support.v4.**
-keep class android.support.v4.**  { *; }
-keep interface android.support.v4.app.** { *; }
-keep public class * extends android.support.v4.**

# 保持哪些类不被混淆
-keep public class * extends android.app.Fragment
-keep public class * extends android.app.Activity
-keep public class * extends android.app.Application
-keep public class * extends android.app.Service
-keep public class * extends android.content.BroadcastReceiver
-keep public class * extends android.content.ContentProvider
-keep public class * extends android.app.backup.BackupAgentHelper
-keep public class * extends android.preference.Preference
-keep public class com.android.vending.licensing.ILicensingService

# 针对android-support-v7.jar的解决方案
-dontwarn android.support.v7.**
-keep class android.support.v7.**  { *; }


# 有了verbose这句话，混淆后就会生成映射文件
# 包含有类名->混淆后类名的映射关系
# 然后使用printmapping指定映射文件的名称
-verbose
-printmapping proguardMapping.txt
#保持 native 方法不被混淆
-keepclasseswithmembernames class * {
    native <methods>;
}
#保持自定义控件类不被混淆
-keepclasseswithmembers class * {
    public <init>(android.content.Context, android.util.AttributeSet);
}
#保持自定义控件类不被混淆
-keepclassmembers class * extends android.app.Activity {
   public void *(android.view.View);
}
-keep public class * extends android.view.View {
    public <init>(android.content.Context);
    public <init>(android.content.Context, android.util.AttributeSet);
    public <init>(android.content.Context, android.util.AttributeSet, int);
    public void set*(...);
}

#保持 Parcelable 不被混淆
-keep class * implements android.os.Parcelable {
  public static final android.os.Parcelable$Creator *;
}

#保持 Serializable 不被混淆
-keepnames class * implements java.io.Serializable

#保持 Serializable 不被混淆并且enum 类也不被混淆
-keepclassmembers class * implements java.io.Serializable {
    static final long serialVersionUID;
    private static final java.io.ObjectStreamField[] serialPersistentFields;
    !static !transient <fields>;
    !private <fields>;
    !private <methods>;
    private void writeObject(java.io.ObjectOutputStream);
    private void readObject(java.io.ObjectInputStream);
    java.lang.Object writeReplace();
    java.lang.Object readResolve();
}
#保持枚举 enum 类不被混淆
-keepclassmembers enum * {
  public static **[] values();
  public static ** valueOf(java.lang.String);
}

#不混淆资源类
-keepclassmembers class **.R$* {
    public static <fields>;
}
#避免混淆泛型 如果混淆报错建议关掉
#-keepattributes Signature

#（可选）避免Log打印输出
-assumenosideeffects class android.util.Log {
   public static *** v(...);
   public static *** d(...);
   public static *** i(...);
   public static *** w(...);
 }

  -dontwarn javax.annotation.**
  -dontwarn javax.inject.**

#-----------------------------------------------------------------------------基本不用动的混淆规则END-------------------------------------------------------------------------------#




#--------------------------------------------------------------------------------项目内混淆规则START----------------------------------------------------------------------------------#

#---------------------------------------------------------------------------------项目内混淆规则END-----------------------------------------------------------------------------------#




#------------------------------------------------------------------------------三方SDK混淆规则START---------------------------------------------------------------------------------#
#glide
-keep public class * implements com.bumptech.glide.module.GlideModule
-keep public class * extends com.bumptech.glide.module.AppGlideModule
-keep public enum com.bumptech.glide.load.resource.bitmap.ImageHeaderParser$** {
  **[] $VALUES;
  public *;
}
#ARouter
-keep public class com.alibaba.android.arouter.routes.**{*;}
-keep class * implements com.alibaba.android.arouter.facade.template.ISyringe{*;}

# 如果使用了 byType 的方式获取 Service，需添加下面规则，保护接口
-keep interface * implements com.alibaba.android.arouter.facade.template.IProvider

# 如果使用了 单类注入，即不定义接口实现 IProvider，需添加下面规则，保护实现
-keep class * implements com.alibaba.android.arouter.facade.template.IProvider

#HotFix
#基线包使用，生成mapping.txt
-printmapping mapping.txt
#生成的mapping.txt在app/build/outputs/mapping/release路径下，移动到/app路径下
#修复后的项目使用，保证混淆结果一致
-applymapping mapping.txt
-keep class com.taobao.sophix.**{*;}
-keep class com.ta.utdid2.device.**{*;}
#防止inline
-dontoptimize
-keepclassmembers class com.tradwang.commonstudy.StudyApp {
    public <init>();
}


#--------------------------------------------------------------------------------三方SDK混淆规则END---------------------------------------------------------------------------------#