app/mapping.txt
com.tradwang.commonstudy.Main2Activity -> com.tradwang.commonstudy.Main2Activity:
    9:11:void onCreate(android.os.Bundle) -> onCreate
    14:16:void onBackPressed() -> onBackPressed
    6:6:void <init>() -> <init>
com.tradwang.commonstudy.MainActivity -> com.tradwang.commonstudy.MainActivity:
    java.util.HashMap _$_findViewCache -> a
    14:26:void onCreate(android.os.Bundle) -> onCreate
    11:11:void <init>() -> <init>
    android.view.View _$_findCachedViewById(int) -> a
com.tradwang.commonstudy.MainActivity$onCreate$1 -> com.tradwang.commonstudy.MainActivity$a:
    com.tradwang.commonstudy.MainActivity this$0 -> a
    20:25:void onClick(android.view.View) -> onClick
    void <init>(com.tradwang.commonstudy.MainActivity) -> <init>
com.tradwang.commonstudy.R -> com.tradwang.commonstudy.a:
com.tradwang.commonstudy.R$id -> com.tradwang.commonstudy.a$a:
    int ALT -> ALT
    int CTRL -> CTRL
    int FUNCTION -> FUNCTION
    int FixedBehind -> FixedBehind
    int FixedFront -> FixedFront
    int META -> META
    int MatchLayout -> MatchLayout
    int SHIFT -> SHIFT
    int SYM -> SYM
    int Scale -> Scale
    int Translate -> Translate
    int action0 -> action0
    int action_bar -> action_bar
    int action_bar_activity_content -> action_bar_activity_content
    int action_bar_container -> action_bar_container
    int action_bar_root -> action_bar_root
    int action_bar_spinner -> action_bar_spinner
    int action_bar_subtitle -> action_bar_subtitle
    int action_bar_title -> action_bar_title
    int action_container -> action_container
    int action_context_bar -> action_context_bar
    int action_divider -> action_divider
    int action_image -> action_image
    int action_menu_divider -> action_menu_divider
    int action_menu_presenter -> action_menu_presenter
    int action_mode_bar -> action_mode_bar
    int action_mode_bar_stub -> action_mode_bar_stub
    int action_mode_close_button -> action_mode_close_button
    int action_text -> action_text
    int actions -> actions
    int activity_chooser_view_content -> activity_chooser_view_content
    int add -> add
    int album_cover -> album_cover
    int album_media_count -> album_media_count
    int album_name -> album_name
    int alertTitle -> alertTitle
    int all -> all
    int always -> always
com.tradwang.commonstudy.SP -> com.tradwang.commonstudy.b:
    kotlin.reflect.KProperty[] $$delegatedProperties -> a
    com.tradwang.common.utils.Preference needRestart$delegate -> c
    com.tradwang.commonstudy.SP INSTANCE -> b
    17:18:void <clinit>() -> <clinit>
    boolean getNeedRestart() -> a
    void setNeedRestart(boolean) -> a
    17:17:void <init>() -> <init>
com.tradwang.commonstudy.SophixStubApplication -> com.tradwang.commonstudy.SophixStubApplication:
    27:31:void attachBaseContext(android.content.Context) -> attachBaseContext
    34:57:void initSophix() -> a
    20:20:void <init>() -> <init>
com.tradwang.commonstudy.SophixStubApplication$RealApplicationStub -> com.tradwang.commonstudy.SophixStubApplication$RealApplicationStub:
    24:24:void <init>() -> <init>
com.tradwang.commonstudy.SophixStubApplication$initSophix$1 -> com.tradwang.commonstudy.SophixStubApplication$a:
    com.tradwang.commonstudy.SophixStubApplication$initSophix$1 INSTANCE -> a
    48:56:void onLoad(int,int,java.lang.String,int) -> onLoad
    void <init>() -> <init>
    void <clinit>() -> <clinit>
com.tradwang.commonstudy.StudyApp -> com.tradwang.commonstudy.StudyApp:
    19:19:void onAppResumed() -> d
    22:25:void onAppPaused() -> e
    28:30:void onCreate() -> onCreate
    15:15:void <init>() -> <init>
...
kotlin.jvm.internal.Reflection -> kotlin.jvm.internal.f:
    kotlin.jvm.internal.ReflectionFactory factory -> a
    kotlin.reflect.KClass[] EMPTY_K_CLASS_ARRAY -> b
    50:50:kotlin.reflect.KClass getOrCreateKotlinClass(java.lang.Class) -> a
    69:69:java.lang.String renderLambdaToString(kotlin.jvm.internal.Lambda) -> a
    75:75:kotlin.reflect.KFunction function(kotlin.jvm.internal.FunctionReference) -> a
    89:89:kotlin.reflect.KProperty1 property1(kotlin.jvm.internal.PropertyReference1) -> a
    93:93:kotlin.reflect.KMutableProperty1 mutableProperty1(kotlin.jvm.internal.MutablePropertyReference1) -> a
    22:35:void <clinit>() -> <clinit>
kotlin.jvm.internal.ReflectionFactory -> kotlin.jvm.internal.g:
    11:11:void <init>() -> <init>
    27:27:kotlin.reflect.KClass getOrCreateKotlinClass(java.lang.Class) -> a
    36:37:java.lang.String renderLambdaToString(kotlin.jvm.internal.Lambda) -> a
    43:43:kotlin.reflect.KFunction function(kotlin.jvm.internal.FunctionReference) -> a
    57:57:kotlin.reflect.KProperty1 property1(kotlin.jvm.internal.PropertyReference1) -> a
    61:61:kotlin.reflect.KMutableProperty1 mutableProperty1(kotlin.jvm.internal.MutablePropertyReference1) -> a
kotlin.ranges.IntProgression -> kotlin.b.a:
    int first -> b
    int last -> c
    int step -> d
    kotlin.ranges.IntProgression$Companion Companion -> a
    83:83:int getFirst() -> a
    88:88:int getLast() -> b
    93:93:int getStep() -> c
    95:95:kotlin.collections.IntIterator iterator() -> d
    69:69:java.util.Iterator iterator() -> iterator
    98:98:boolean isEmpty() -> e
    101:102:boolean equals(java.lang.Object) -> equals
    105:105:int hashCode() -> hashCode
    107:107:java.lang.String toString() -> toString
    70:93:void <init>(int,int,int) -> <init>
    void <clinit>() -> <clinit>
kotlin.ranges.IntProgression$Companion -> kotlin.b.a$a:
    116:116:kotlin.ranges.IntProgression fromClosedRange(int,int,int) -> a
    109:109:void <init>() -> <init>
    109:109:void <init>(kotlin.jvm.internal.DefaultConstructorMarker) -> <init>
kotlin.ranges.IntProgressionIterator -> kotlin.b.b:
    int finalElement -> a
    boolean hasNext -> b
    int next -> c
    int step -> d
    43:43:boolean hasNext() -> hasNext
    46:54:int nextInt() -> b
    38:41:void <init>(int,int,int) -> <init>
kotlin.ranges.IntRange -> kotlin.b.c:
    kotlin.ranges.IntRange EMPTY -> c
    kotlin.ranges.IntRange$Companion Companion -> b
    40:40:java.lang.Integer getStart() -> f
    41:41:java.lang.Integer getEndInclusive() -> g
    45:45:boolean isEmpty() -> e
    48:49:boolean equals(java.lang.Object) -> equals
    52:52:int hashCode() -> hashCode
    54:54:java.lang.String toString() -> toString
    39:39:void <init>(int,int) -> <init>
    58:58:void <clinit>() -> <clinit>
    39:39:kotlin.ranges.IntRange access$getEMPTY$cp() -> h
kotlin.ranges.IntRange$Companion -> kotlin.b.c$a:
    58:58:kotlin.ranges.IntRange getEMPTY() -> a
    56:56:void <init>() -> <init>
    56:56:void <init>(kotlin.jvm.internal.DefaultConstructorMarker) -> <init>
kotlin.ranges.RangesKt -> kotlin.b.d:
kotlin.ranges.RangesKt__RangesJVMKt -> kotlin.b.e:
kotlin.ranges.RangesKt__RangesKt -> kotlin.b.f:
kotlin.ranges.RangesKt___RangesKt -> kotlin.b.g:
    317:317:kotlin.ranges.IntProgression downTo(int,int) -> a
    587:588:kotlin.ranges.IntRange until(int,int) -> b
    749:749:int coerceAtLeast(int,int) -> c
    826:826:int coerceAtMost(int,int) -> d
    918:921:int coerceIn(int,int,int) -> a
kotlin.reflect.KAnnotatedElement -> kotlin.reflect.a:
    java.util.List getAnnotations() -> getAnnotations